<?xml version="1.0" encoding="UTF-8"?>
<testsuite xmlns:xsi="http://www.w3.org/2001/XMLSchema-instance" xsi:noNamespaceSchemaLocation="https://maven.apache.org/surefire/maven-surefire-plugin/xsd/surefire-test-report-3.0.xsd" version="3.0" name="com.example.cache.service.ProductServiceCacheTest" time="1.333" tests="7" errors="0" skipped="0" failures="0">
  <properties>
[...]
</properties>
  <testcase name="cacheEvict_allEntries" classname="com.example.cache.service.ProductServiceCacheTest" time="0.019">
    <system-out><![CDATA[2026-04-19T14:36:44.087+05:30  INFO 25346 --- [caffeine-demo] [           main] t.c.s.AnnotationConfigContextLoaderUtils : Could not detect default configuration classes for test class [com.example.cache.service.ProductServiceCacheTest]: ProductServiceCacheTest does not declare any static, non-private, non-final, nested classes annotated with @Configuration.
2026-04-19T14:36:44.093+05:30  INFO 25346 --- [caffeine-demo] [           main] .b.t.c.SpringBootTestContextBootstrapper : Found @SpringBootConfiguration com.example.cache.CaffeineDemoApplication for test class com.example.cache.service.ProductServiceCacheTest

  .   ____          _            __ _ _
 /\\ / ___'_ __ _ _(_)_ __  __ _ \ \ \ \
( ( )\___ | '_ | '_| | '_ \/ _` | \ \ \ \
 \\/  ___)| |_)| | | | | || (_| |  ) ) ) )
  '  |____| .__|_| |_|_| |_\__, | / / / /
 =========|_|==============|___/=/_/_/_/

 :: Spring Boot ::                (v3.3.4)

2026-04-19T14:36:44.109+05:30  INFO 25346 --- [caffeine-demo] [           main] c.e.c.service.ProductServiceCacheTest    : Starting ProductServiceCacheTest using Java 21.0.7 with PID 25346 (started by vinodkumar in /Users/vinodkumar/Documents/Technologies/Java/caffeine-demo)
2026-04-19T14:36:44.109+05:30 DEBUG 25346 --- [caffeine-demo] [           main] c.e.c.service.ProductServiceCacheTest    : Running with Spring Boot v3.3.4, Spring v6.1.13
2026-04-19T14:36:44.109+05:30  INFO 25346 --- [caffeine-demo] [           main] c.e.c.service.ProductServiceCacheTest    : No active profile set, falling back to 1 default profile: "default"
2026-04-19T14:36:44.277+05:30  INFO 25346 --- [caffeine-demo] [           main] .s.d.r.c.RepositoryConfigurationDelegate : Bootstrapping Spring Data JPA repositories in DEFAULT mode.
2026-04-19T14:36:44.291+05:30  INFO 25346 --- [caffeine-demo] [           main] .s.d.r.c.RepositoryConfigurationDelegate : Finished Spring Data repository scanning in 12 ms. Found 2 JPA repository interfaces.
2026-04-19T14:36:44.530+05:30  INFO 25346 --- [caffeine-demo] [           main] o.hibernate.jpa.internal.util.LogHelper  : HHH000204: Processing PersistenceUnitInfo [name: default]
2026-04-19T14:36:44.548+05:30  INFO 25346 --- [caffeine-demo] [           main] org.hibernate.Version                    : HHH000412: Hibernate ORM core version 6.5.3.Final
2026-04-19T14:36:44.557+05:30  INFO 25346 --- [caffeine-demo] [           main] o.h.c.internal.RegionFactoryInitiator    : HHH000026: Second-level cache disabled
2026-04-19T14:36:44.594+05:30  INFO 25346 --- [caffeine-demo] [           main] o.s.o.j.p.SpringPersistenceUnitInfo      : No LoadTimeWeaver setup: ignoring JPA class transformer
2026-04-19T14:36:44.604+05:30  INFO 25346 --- [caffeine-demo] [           main] com.zaxxer.hikari.HikariDataSource       : HikariPool-1 - Starting...
2026-04-19T14:36:44.661+05:30  INFO 25346 --- [caffeine-demo] [           main] com.zaxxer.hikari.pool.HikariPool        : HikariPool-1 - Added connection conn0: url=jdbc:h2:mem:demo user=SA
2026-04-19T14:36:44.661+05:30  INFO 25346 --- [caffeine-demo] [           main] com.zaxxer.hikari.HikariDataSource       : HikariPool-1 - Start completed.
2026-04-19T14:36:44.903+05:30  INFO 25346 --- [caffeine-demo] [           main] o.h.e.t.j.p.i.JtaPlatformInitiator       : HHH000489: No JTA platform available (set 'hibernate.transaction.jta.platform' to enable JTA platform integration)
2026-04-19T14:36:44.917+05:30  INFO 25346 --- [caffeine-demo] [           main] j.LocalContainerEntityManagerFactoryBean : Initialized JPA EntityManagerFactory for persistence unit 'default'
2026-04-19T14:36:44.942+05:30 TRACE 25346 --- [caffeine-demo] [           main] o.s.c.a.AnnotationCacheOperationSource   : Adding cacheable method 'getAll' with operations: [Builder[public java.util.List com.example.cache.service.CategoryService.getAll()] caches=[categories] | key=''all'' | keyGenerator='' | cacheManager='' | cacheResolver='' | condition='' | unless='' | sync='false']
2026-04-19T14:36:44.946+05:30 TRACE 25346 --- [caffeine-demo] [           main] o.s.c.a.AnnotationCacheOperationSource   : Adding cacheable method 'evictAll' with operations: [Builder[public void com.example.cache.service.CategoryService.evictAll()] caches=[categories] | key='' | keyGenerator='' | cacheManager='' | cacheResolver='' | condition='',true,false]
2026-04-19T14:36:44.946+05:30 TRACE 25346 --- [caffeine-demo] [           main] o.s.c.a.AnnotationCacheOperationSource   : Adding cacheable method 'getById' with operations: [Builder[public com.example.cache.dto.CategoryDto com.example.cache.service.CategoryService.getById(java.lang.Long)] caches=[categories] | key='#id' | keyGenerator='' | cacheManager='' | cacheResolver='' | condition='' | unless='' | sync='false']
2026-04-19T14:36:44.952+05:30 TRACE 25346 --- [caffeine-demo] [           main] o.s.c.a.AnnotationCacheOperationSource   : Adding cacheable method 'update' with operations: [Builder[public com.example.cache.dto.ProductDto com.example.cache.service.ProductService.update(java.lang.Long,com.example.cache.dto.UpdateProductRequest)] caches=[products] | key='#id' | keyGenerator='' | cacheManager='' | cacheResolver='' | condition='' | unless='']
2026-04-19T14:36:44.954+05:30 TRACE 25346 --- [caffeine-demo] [           main] o.s.c.a.AnnotationCacheOperationSource   : Adding cacheable method 'replace' with operations: [Builder[public com.example.cache.dto.ProductDto com.example.cache.service.ProductService.replace(java.lang.Long,com.example.cache.dto.CreateProductRequest)] caches=[products] | key='#id' | keyGenerator='' | cacheManager='' | cacheResolver='' | condition='',false,false, Builder[public com.example.cache.dto.ProductDto com.example.cache.service.ProductService.replace(java.lang.Long,com.example.cache.dto.CreateProductRequest)] caches=[products] | key='#id' | keyGenerator='' | cacheManager='' | cacheResolver='' | condition='' | unless='']
2026-04-19T14:36:44.954+05:30 TRACE 25346 --- [caffeine-demo] [           main] o.s.c.a.AnnotationCacheOperationSource   : Adding cacheable method 'delete' with operations: [Builder[public void com.example.cache.service.ProductService.delete(java.lang.Long)] caches=[products] | key='#id' | keyGenerator='' | cacheManager='' | cacheResolver='' | condition='',false,false]
2026-04-19T14:36:44.954+05:30 TRACE 25346 --- [caffeine-demo] [           main] o.s.c.a.AnnotationCacheOperationSource   : Adding cacheable method 'create' with operations: [Builder[public com.example.cache.dto.ProductDto com.example.cache.service.ProductService.create(com.example.cache.dto.CreateProductRequest)] caches=[products] | key='#result.id' | keyGenerator='' | cacheManager='' | cacheResolver='' | condition='' | unless='']
2026-04-19T14:36:44.955+05:30 TRACE 25346 --- [caffeine-demo] [           main] o.s.c.a.AnnotationCacheOperationSource   : Adding cacheable method 'evictAll' with operations: [Builder[public void com.example.cache.service.ProductService.evictAll()] caches=[products] | key='' | keyGenerator='' | cacheManager='' | cacheResolver='' | condition='',true,false]
2026-04-19T14:36:44.955+05:30 TRACE 25346 --- [caffeine-demo] [           main] o.s.c.a.AnnotationCacheOperationSource   : Adding cacheable method 'getById' with operations: [Builder[public com.example.cache.dto.ProductDto com.example.cache.service.ProductService.getById(java.lang.Long)] caches=[products] | key='#id' | keyGenerator='' | cacheManager='' | cacheResolver='' | condition='' | unless='#result.status == 'DRAFT'' | sync='false']
2026-04-19T14:36:45.253+05:30  INFO 25346 --- [caffeine-demo] [           main] o.s.b.a.h2.H2ConsoleAutoConfiguration    : H2 console available at '/h2-console'. Database available at 'jdbc:h2:mem:demo'
2026-04-19T14:36:45.283+05:30  INFO 25346 --- [caffeine-demo] [           main] o.s.b.a.e.web.EndpointLinksResolver      : Exposing 4 endpoints beneath base path '/actuator'
2026-04-19T14:36:45.313+05:30  INFO 25346 --- [caffeine-demo] [           main] c.e.c.service.ProductServiceCacheTest    : Started ProductServiceCacheTest in 1.218 seconds (process running for 2.619)
2026-04-19T14:36:45.351+05:30  INFO 25346 --- [caffeine-demo] [           main] c.example.cache.cache.CacheWarmUpRunner  : Starting cache warm-up...
2026-04-19T14:36:45.351+05:30  INFO 25346 --- [caffeine-demo] [           main] c.example.cache.cache.CacheWarmUpRunner  : Cache warm-up skipped — no products found (expected during tests)
2026-04-19T14:36:45.364+05:30 TRACE 25346 --- [caffeine-demo] [           main] o.s.cache.interceptor.CacheInterceptor   : Computed cache key '1' for operation Builder[public com.example.cache.dto.ProductDto com.example.cache.service.ProductService.getById(java.lang.Long)] caches=[products] | key='#id' | keyGenerator='' | cacheManager='' | cacheResolver='' | condition='' | unless='#result.status == 'DRAFT'' | sync='false'
2026-04-19T14:36:45.365+05:30 TRACE 25346 --- [caffeine-demo] [           main] o.s.cache.interceptor.CacheInterceptor   : No cache entry for key '1' in cache(s) [products]
2026-04-19T14:36:45.365+05:30 DEBUG 25346 --- [caffeine-demo] [           main] c.example.cache.service.ProductService   : CACHE MISS — loading product id=1 from DB
2026-04-19T14:36:45.367+05:30 TRACE 25346 --- [caffeine-demo] [           main] o.s.cache.interceptor.CacheInterceptor   : Creating cache entry for key '1' in cache(s) [products]
2026-04-19T14:36:45.367+05:30 TRACE 25346 --- [caffeine-demo] [           main] o.s.cache.interceptor.CacheInterceptor   : Computed cache key '2' for operation Builder[public com.example.cache.dto.ProductDto com.example.cache.service.ProductService.getById(java.lang.Long)] caches=[products] | key='#id' | keyGenerator='' | cacheManager='' | cacheResolver='' | condition='' | unless='#result.status == 'DRAFT'' | sync='false'
2026-04-19T14:36:45.367+05:30 TRACE 25346 --- [caffeine-demo] [           main] o.s.cache.interceptor.CacheInterceptor   : No cache entry for key '2' in cache(s) [products]
2026-04-19T14:36:45.367+05:30 DEBUG 25346 --- [caffeine-demo] [           main] c.example.cache.service.ProductService   : CACHE MISS — loading product id=2 from DB
2026-04-19T14:36:45.368+05:30 TRACE 25346 --- [caffeine-demo] [           main] o.s.cache.interceptor.CacheInterceptor   : Creating cache entry for key '2' in cache(s) [products]
2026-04-19T14:36:45.368+05:30  WARN 25346 --- [caffeine-demo] [           main] c.example.cache.service.ProductService   : Full product cache eviction triggered
2026-04-19T14:36:45.368+05:30 TRACE 25346 --- [caffeine-demo] [           main] o.s.cache.interceptor.CacheInterceptor   : Invalidating entire cache for operation Builder[public void com.example.cache.service.ProductService.evictAll()] caches=[products] | key='' | keyGenerator='' | cacheManager='' | cacheResolver='' | condition='',true,false on method public void com.example.cache.service.ProductService.evictAll()
2026-04-19T14:36:45.369+05:30 TRACE 25346 --- [caffeine-demo] [           main] o.s.cache.interceptor.CacheInterceptor   : Computed cache key '1' for operation Builder[public com.example.cache.dto.ProductDto com.example.cache.service.ProductService.getById(java.lang.Long)] caches=[products] | key='#id' | keyGenerator='' | cacheManager='' | cacheResolver='' | condition='' | unless='#result.status == 'DRAFT'' | sync='false'
2026-04-19T14:36:45.369+05:30 TRACE 25346 --- [caffeine-demo] [           main] o.s.cache.interceptor.CacheInterceptor   : No cache entry for key '1' in cache(s) [products]
2026-04-19T14:36:45.369+05:30 DEBUG 25346 --- [caffeine-demo] [           main] c.example.cache.service.ProductService   : CACHE MISS — loading product id=1 from DB
2026-04-19T14:36:45.369+05:30 TRACE 25346 --- [caffeine-demo] [           main] o.s.cache.interceptor.CacheInterceptor   : Creating cache entry for key '1' in cache(s) [products]
2026-04-19T14:36:45.369+05:30 TRACE 25346 --- [caffeine-demo] [           main] o.s.cache.interceptor.CacheInterceptor   : Computed cache key '2' for operation Builder[public com.example.cache.dto.ProductDto com.example.cache.service.ProductService.getById(java.lang.Long)] caches=[products] | key='#id' | keyGenerator='' | cacheManager='' | cacheResolver='' | condition='' | unless='#result.status == 'DRAFT'' | sync='false'
2026-04-19T14:36:45.369+05:30 TRACE 25346 --- [caffeine-demo] [           main] o.s.cache.interceptor.CacheInterceptor   : No cache entry for key '2' in cache(s) [products]
2026-04-19T14:36:45.369+05:30 DEBUG 25346 --- [caffeine-demo] [           main] c.example.cache.service.ProductService   : CACHE MISS — loading product id=2 from DB
2026-04-19T14:36:45.370+05:30 TRACE 25346 --- [caffeine-demo] [           main] o.s.cache.interceptor.CacheInterceptor   : Creating cache entry for key '2' in cache(s) [products]
]]></system-out>
  </testcase>
  <testcase name="cacheable_draftNotCached" classname="com.example.cache.service.ProductServiceCacheTest" time="0.002">
    <system-out><![CDATA[2026-04-19T14:36:45.373+05:30 TRACE 25346 --- [caffeine-demo] [           main] o.s.cache.interceptor.CacheInterceptor   : Computed cache key '2' for operation Builder[public com.example.cache.dto.ProductDto com.example.cache.service.ProductService.getById(java.lang.Long)] caches=[products] | key='#id' | keyGenerator='' | cacheManager='' | cacheResolver='' | condition='' | unless='#result.status == 'DRAFT'' | sync='false'
2026-04-19T14:36:45.373+05:30 TRACE 25346 --- [caffeine-demo] [           main] o.s.cache.interceptor.CacheInterceptor   : No cache entry for key '2' in cache(s) [products]
2026-04-19T14:36:45.373+05:30 DEBUG 25346 --- [caffeine-demo] [           main] c.example.cache.service.ProductService   : CACHE MISS — loading product id=2 from DB
2026-04-19T14:36:45.373+05:30 TRACE 25346 --- [caffeine-demo] [           main] o.s.cache.interceptor.CacheInterceptor   : Computed cache key '2' for operation Builder[public com.example.cache.dto.ProductDto com.example.cache.service.ProductService.getById(java.lang.Long)] caches=[products] | key='#id' | keyGenerator='' | cacheManager='' | cacheResolver='' | condition='' | unless='#result.status == 'DRAFT'' | sync='false'
2026-04-19T14:36:45.373+05:30 TRACE 25346 --- [caffeine-demo] [           main] o.s.cache.interceptor.CacheInterceptor   : No cache entry for key '2' in cache(s) [products]
2026-04-19T14:36:45.373+05:30 DEBUG 25346 --- [caffeine-demo] [           main] c.example.cache.service.ProductService   : CACHE MISS — loading product id=2 from DB
]]></system-out>
  </testcase>
  <testcase name="cacheEvict_deleteEvictsEntry" classname="com.example.cache.service.ProductServiceCacheTest" time="0.015">
    <system-out><![CDATA[2026-04-19T14:36:45.375+05:30 TRACE 25346 --- [caffeine-demo] [           main] o.s.cache.interceptor.CacheInterceptor   : Computed cache key '1' for operation Builder[public com.example.cache.dto.ProductDto com.example.cache.service.ProductService.getById(java.lang.Long)] caches=[products] | key='#id' | keyGenerator='' | cacheManager='' | cacheResolver='' | condition='' | unless='#result.status == 'DRAFT'' | sync='false'
2026-04-19T14:36:45.375+05:30 TRACE 25346 --- [caffeine-demo] [           main] o.s.cache.interceptor.CacheInterceptor   : No cache entry for key '1' in cache(s) [products]
2026-04-19T14:36:45.375+05:30 DEBUG 25346 --- [caffeine-demo] [           main] c.example.cache.service.ProductService   : CACHE MISS — loading product id=1 from DB
2026-04-19T14:36:45.375+05:30 TRACE 25346 --- [caffeine-demo] [           main] o.s.cache.interceptor.CacheInterceptor   : Creating cache entry for key '1' in cache(s) [products]
2026-04-19T14:36:45.388+05:30 DEBUG 25346 --- [caffeine-demo] [           main] c.example.cache.service.ProductService   : Deleted product id=1, cache evicted
2026-04-19T14:36:45.389+05:30 TRACE 25346 --- [caffeine-demo] [           main] o.s.cache.interceptor.CacheInterceptor   : Computed cache key '1' for operation Builder[public void com.example.cache.service.ProductService.delete(java.lang.Long)] caches=[products] | key='#id' | keyGenerator='' | cacheManager='' | cacheResolver='' | condition='',false,false
2026-04-19T14:36:45.389+05:30 TRACE 25346 --- [caffeine-demo] [           main] o.s.cache.interceptor.CacheInterceptor   : Invalidating cache key [1] for operation Builder[public void com.example.cache.service.ProductService.delete(java.lang.Long)] caches=[products] | key='#id' | keyGenerator='' | cacheManager='' | cacheResolver='' | condition='',false,false on method public void com.example.cache.service.ProductService.delete(java.lang.Long)
2026-04-19T14:36:45.389+05:30 TRACE 25346 --- [caffeine-demo] [           main] o.s.cache.interceptor.CacheInterceptor   : Computed cache key '1' for operation Builder[public com.example.cache.dto.ProductDto com.example.cache.service.ProductService.getById(java.lang.Long)] caches=[products] | key='#id' | keyGenerator='' | cacheManager='' | cacheResolver='' | condition='' | unless='#result.status == 'DRAFT'' | sync='false'
2026-04-19T14:36:45.389+05:30 TRACE 25346 --- [caffeine-demo] [           main] o.s.cache.interceptor.CacheInterceptor   : No cache entry for key '1' in cache(s) [products]
2026-04-19T14:36:45.389+05:30 DEBUG 25346 --- [caffeine-demo] [           main] c.example.cache.service.ProductService   : CACHE MISS — loading product id=1 from DB
2026-04-19T14:36:45.390+05:30 TRACE 25346 --- [caffeine-demo] [           main] o.s.cache.interceptor.CacheInterceptor   : Creating cache entry for key '1' in cache(s) [products]
]]></system-out>
  </testcase>
  <testcase name="cacheable_notFoundThrows" classname="com.example.cache.service.ProductServiceCacheTest" time="0.017">
    <system-out><![CDATA[2026-04-19T14:36:45.404+05:30 TRACE 25346 --- [caffeine-demo] [           main] o.s.cache.interceptor.CacheInterceptor   : Computed cache key '99' for operation Builder[public com.example.cache.dto.ProductDto com.example.cache.service.ProductService.getById(java.lang.Long)] caches=[products] | key='#id' | keyGenerator='' | cacheManager='' | cacheResolver='' | condition='' | unless='#result.status == 'DRAFT'' | sync='false'
2026-04-19T14:36:45.404+05:30 TRACE 25346 --- [caffeine-demo] [           main] o.s.cache.interceptor.CacheInterceptor   : No cache entry for key '99' in cache(s) [products]
2026-04-19T14:36:45.404+05:30 DEBUG 25346 --- [caffeine-demo] [           main] c.example.cache.service.ProductService   : CACHE MISS — loading product id=99 from DB
]]></system-out>
  </testcase>
  <testcase name="cachePut_createWarmsCache" classname="com.example.cache.service.ProductServiceCacheTest" time="0.003">
    <system-out><![CDATA[2026-04-19T14:36:45.410+05:30 DEBUG 25346 --- [caffeine-demo] [           main] c.example.cache.service.ProductService   : Created product id=1, cache warmed
2026-04-19T14:36:45.410+05:30 TRACE 25346 --- [caffeine-demo] [           main] o.s.cache.interceptor.CacheInterceptor   : Computed cache key '1' for operation Builder[public com.example.cache.dto.ProductDto com.example.cache.service.ProductService.create(com.example.cache.dto.CreateProductRequest)] caches=[products] | key='#result.id' | keyGenerator='' | cacheManager='' | cacheResolver='' | condition='' | unless=''
2026-04-19T14:36:45.410+05:30 TRACE 25346 --- [caffeine-demo] [           main] o.s.cache.interceptor.CacheInterceptor   : Creating cache entry for key '1' in cache(s) [products]
2026-04-19T14:36:45.410+05:30 TRACE 25346 --- [caffeine-demo] [           main] o.s.cache.interceptor.CacheInterceptor   : Computed cache key '1' for operation Builder[public com.example.cache.dto.ProductDto com.example.cache.service.ProductService.getById(java.lang.Long)] caches=[products] | key='#id' | keyGenerator='' | cacheManager='' | cacheResolver='' | condition='' | unless='#result.status == 'DRAFT'' | sync='false'
2026-04-19T14:36:45.411+05:30 TRACE 25346 --- [caffeine-demo] [           main] o.s.cache.interceptor.CacheInterceptor   : Cache entry for key '1' found in cache(s) [products]
]]></system-out>
  </testcase>
  <testcase name="cachePut_updateRefreshesCache" classname="com.example.cache.service.ProductServiceCacheTest" time="0.004">
    <system-out><![CDATA[2026-04-19T14:36:45.413+05:30 TRACE 25346 --- [caffeine-demo] [           main] o.s.cache.interceptor.CacheInterceptor   : Computed cache key '1' for operation Builder[public com.example.cache.dto.ProductDto com.example.cache.service.ProductService.getById(java.lang.Long)] caches=[products] | key='#id' | keyGenerator='' | cacheManager='' | cacheResolver='' | condition='' | unless='#result.status == 'DRAFT'' | sync='false'
2026-04-19T14:36:45.413+05:30 TRACE 25346 --- [caffeine-demo] [           main] o.s.cache.interceptor.CacheInterceptor   : No cache entry for key '1' in cache(s) [products]
2026-04-19T14:36:45.413+05:30 DEBUG 25346 --- [caffeine-demo] [           main] c.example.cache.service.ProductService   : CACHE MISS — loading product id=1 from DB
2026-04-19T14:36:45.413+05:30 TRACE 25346 --- [caffeine-demo] [           main] o.s.cache.interceptor.CacheInterceptor   : Creating cache entry for key '1' in cache(s) [products]
2026-04-19T14:36:45.414+05:30 DEBUG 25346 --- [caffeine-demo] [           main] c.example.cache.service.ProductService   : Updated product id=1, cache refreshed
2026-04-19T14:36:45.414+05:30 TRACE 25346 --- [caffeine-demo] [           main] o.s.cache.interceptor.CacheInterceptor   : Computed cache key '1' for operation Builder[public com.example.cache.dto.ProductDto com.example.cache.service.ProductService.update(java.lang.Long,com.example.cache.dto.UpdateProductRequest)] caches=[products] | key='#id' | keyGenerator='' | cacheManager='' | cacheResolver='' | condition='' | unless=''
2026-04-19T14:36:45.414+05:30 TRACE 25346 --- [caffeine-demo] [           main] o.s.cache.interceptor.CacheInterceptor   : Creating cache entry for key '1' in cache(s) [products]
2026-04-19T14:36:45.416+05:30 TRACE 25346 --- [caffeine-demo] [           main] o.s.cache.interceptor.CacheInterceptor   : Computed cache key '1' for operation Builder[public com.example.cache.dto.ProductDto com.example.cache.service.ProductService.getById(java.lang.Long)] caches=[products] | key='#id' | keyGenerator='' | cacheManager='' | cacheResolver='' | condition='' | unless='#result.status == 'DRAFT'' | sync='false'
2026-04-19T14:36:45.416+05:30 TRACE 25346 --- [caffeine-demo] [           main] o.s.cache.interceptor.CacheInterceptor   : Cache entry for key '1' found in cache(s) [products]
]]></system-out>
  </testcase>
  <testcase name="cacheable_secondCallFromCache" classname="com.example.cache.service.ProductServiceCacheTest" time="0.002">
    <system-out><![CDATA[2026-04-19T14:36:45.418+05:30 TRACE 25346 --- [caffeine-demo] [           main] o.s.cache.interceptor.CacheInterceptor   : Computed cache key '1' for operation Builder[public com.example.cache.dto.ProductDto com.example.cache.service.ProductService.getById(java.lang.Long)] caches=[products] | key='#id' | keyGenerator='' | cacheManager='' | cacheResolver='' | condition='' | unless='#result.status == 'DRAFT'' | sync='false'
2026-04-19T14:36:45.418+05:30 TRACE 25346 --- [caffeine-demo] [           main] o.s.cache.interceptor.CacheInterceptor   : No cache entry for key '1' in cache(s) [products]
2026-04-19T14:36:45.418+05:30 DEBUG 25346 --- [caffeine-demo] [           main] c.example.cache.service.ProductService   : CACHE MISS — loading product id=1 from DB
2026-04-19T14:36:45.418+05:30 TRACE 25346 --- [caffeine-demo] [           main] o.s.cache.interceptor.CacheInterceptor   : Creating cache entry for key '1' in cache(s) [products]
2026-04-19T14:36:45.418+05:30 TRACE 25346 --- [caffeine-demo] [           main] o.s.cache.interceptor.CacheInterceptor   : Computed cache key '1' for operation Builder[public com.example.cache.dto.ProductDto com.example.cache.service.ProductService.getById(java.lang.Long)] caches=[products] | key='#id' | keyGenerator='' | cacheManager='' | cacheResolver='' | condition='' | unless='#result.status == 'DRAFT'' | sync='false'
2026-04-19T14:36:45.418+05:30 TRACE 25346 --- [caffeine-demo] [           main] o.s.cache.interceptor.CacheInterceptor   : Cache entry for key '1' found in cache(s) [products]
]]></system-out>
  </testcase>
</testsuite>